INFO	2019/04/30 17:48:49 Starting server on :4000 
INFO	2019/05/09 11:32:26 Starting server on :4000 
INFO	2019/05/09 11:34:28 Starting server on :4000 
Starting server on :4000 
Starting server on :4000 
Starting server on :4000 
Starting server on :4000 
Starting server on :4000 
Starting server on :4000 
Starting server on :4000 
Starting server on :4000 
Starting server on :4000 
Starting server on :4000 
Starting server on :4000 
Starting server on :4000 
Starting server on :4000 
Starting server on :4000 
Starting server on :4000 
Starting server on :4000 
Starting server on :4000 
Starting server on :4000 
Starting server on :4000 
Starting server on :4000 
Starting server on :4000 
Starting server on :4000 
Starting server on :4000 
Starting server on :4000 
Starting server on :4000 
Starting server on :4000 
Starting server on :4000 
Starting server on :4000 
Starting server on :4000 
INFO	 [::1]:50554 HTTP/1.1 GET /x/espace_login.html
INFO	 [::1]:50554 HTTP/1.1 GET /x/css/espace_login.css
INFO	 [::1]:50555 HTTP/1.1 GET /x/lib/jquery/jquery-3.4.1.min.js
INFO	 [::1]:50556 HTTP/1.1 GET /x/config/conf.js
INFO	 [::1]:50557 HTTP/1.1 GET /x/model/Player.js
INFO	 [::1]:50558 HTTP/1.1 GET /x/js/dataManager.js
INFO	 [::1]:50555 HTTP/1.1 GET /favicon.ico
INFO	 [::1]:50555 HTTP/1.1 POST /save/player
INFO	 [::1]:50555 HTTP/1.1 POST /save/player
INFO	 [::1]:50555 HTTP/1.1 POST /save/player
INFO	 [::1]:50555 HTTP/1.1 POST /save/player
INFO	 [::1]:50555 HTTP/1.1 POST /save/player
INFO	 [::1]:50555 HTTP/1.1 POST /save/player
INFO	 [::1]:50555 HTTP/1.1 GET /save/player
INFO	 [::1]:50555 HTTP/1.1 POST /save/player
INFO	 [::1]:50555 HTTP/1.1 GET /x/html/espace_game.html
INFO	 [::1]:50555 HTTP/1.1 GET /x/css/espace_game.css
INFO	 [::1]:51642 HTTP/1.1 GET /x/lib/jquery/jquery-3.3.1.min.js
INFO	 [::1]:50555 HTTP/1.1 GET /x/lib/datatable/datatables.min.css
INFO	 [::1]:51644 HTTP/1.1 GET /x/lib/bootstrap/bootstrap-3.4.1.min.css
INFO	 [::1]:51645 HTTP/1.1 GET /x/lib/datatable/datatables.min.js
INFO	 [::1]:51646 HTTP/1.1 GET /x/lib/awesome-functions/awesome-functions.min.js
INFO	 [::1]:51649 HTTP/1.1 GET /x/lib/bootstrap/bootstrap-3.4.1.min.js
INFO	 [::1]:51642 HTTP/1.1 GET /x/model/Game.js
INFO	 [::1]:50555 HTTP/1.1 GET /x/model/Position.js
INFO	 [::1]:51644 HTTP/1.1 GET /x/model/Rectangle.js
INFO	 [::1]:50555 HTTP/1.1 GET /x/js/gameManager.js
INFO	 [::1]:51642 HTTP/1.1 GET /x/model/Canvas.js
INFO	 [::1]:51645 HTTP/1.1 GET /x/lib/datatable/pdfmake.min.js.map
INFO	 [::1]:51645 HTTP/1.1 GET /x/lib/bootstrap/bootstrap-3.4.1.min.css.map
INFO	 [::1]:51645 HTTP/1.1 POST /update/player
INFO	 [::1]:51645 HTTP/1.1 POST /save/player
INFO	 [::1]:51645 HTTP/1.1 POST /save/player
Starting server on :4000 
INFO	 [::1]:51709 HTTP/1.1 GET /x/espace_login.html
INFO	 [::1]:51709 HTTP/1.1 GET /x/css/espace_login.css
INFO	 [::1]:51709 HTTP/1.1 GET /x/lib/jquery/jquery-3.4.1.min.js
INFO	 [::1]:51710 HTTP/1.1 GET /x/config/conf.js
INFO	 [::1]:51711 HTTP/1.1 GET /x/model/Player.js
INFO	 [::1]:51712 HTTP/1.1 GET /x/js/dataManager.js
INFO	 [::1]:51709 HTTP/1.1 POST /save/player
INFO	 [::1]:51709 HTTP/1.1 POST /save/player
INFO	 [::1]:51709 HTTP/1.1 GET /x/html/espace_game.html
INFO	 [::1]:51712 HTTP/1.1 GET /x/lib/jquery/jquery-3.3.1.min.js
INFO	 [::1]:51709 HTTP/1.1 GET /x/css/espace_game.css
INFO	 [::1]:51711 HTTP/1.1 GET /x/lib/bootstrap/bootstrap-3.4.1.min.css
INFO	 [::1]:51709 HTTP/1.1 GET /x/lib/datatable/datatables.min.css
INFO	 [::1]:51710 HTTP/1.1 GET /x/lib/datatable/datatables.min.js
INFO	 [::1]:51718 HTTP/1.1 GET /x/lib/awesome-functions/awesome-functions.min.js
INFO	 [::1]:51720 HTTP/1.1 GET /x/lib/bootstrap/bootstrap-3.4.1.min.js
INFO	 [::1]:51712 HTTP/1.1 GET /x/model/Game.js
INFO	 [::1]:51709 HTTP/1.1 GET /x/model/Position.js
INFO	 [::1]:51711 HTTP/1.1 GET /x/model/Rectangle.js
INFO	 [::1]:51720 HTTP/1.1 GET /x/model/Canvas.js
INFO	 [::1]:51712 HTTP/1.1 GET /x/js/gameManager.js
INFO	 [::1]:51710 HTTP/1.1 POST /save/player
Starting server on :4000 
INFO	 [::1]:51739 HTTP/1.1 GET /x/espace_login.html
INFO	 [::1]:51739 HTTP/1.1 POST /save/player
INFO	 [::1]:51739 HTTP/1.1 POST /save/player
Starting server on :4000 
INFO	 [::1]:51773 HTTP/1.1 GET /x/espace_login.html
Starting server on :4000 
INFO	 [::1]:51789 HTTP/1.1 GET /x/espace_login.html
INFO	 [::1]:51789 HTTP/1.1 POST /save/player
Starting server on :4000 
INFO	 [::1]:53574 HTTP/1.1 GET /x/espace_login.html
INFO	 [::1]:53574 HTTP/1.1 GET /x/espace_login.html
INFO	 [::1]:53574 HTTP/1.1 POST /save/player
INFO	 [::1]:53574 HTTP/1.1 POST /save/player
INFO	 [::1]:53574 HTTP/1.1 POST /save/player
INFO	 [::1]:53574 HTTP/1.1 POST /save/player
INFO	 [::1]:53574 HTTP/1.1 POST /save/player
INFO	 [::1]:53574 HTTP/1.1 GET /x/espace_login.html
INFO	 [::1]:53574 HTTP/1.1 POST /save/player
INFO	 [::1]:53574 HTTP/1.1 POST /save/player
INFO	 [::1]:53574 HTTP/1.1 POST /save/player
INFO	 [::1]:53574 HTTP/1.1 POST /save/player
INFO	 [::1]:53574 HTTP/1.1 GET /x/css/espace_login.css
Starting server on :4000 
INFO	 [::1]:54039 HTTP/1.1 GET /x/espace_login.html
INFO	 [::1]:54039 HTTP/1.1 POST /save/player
INFO	 [::1]:54039 HTTP/1.1 GET /x/css/espace_login.css
INFO	 [::1]:54039 HTTP/1.1 GET /x/lib/jquery/jquery-3.4.1.min.js
INFO	 [::1]:54040 HTTP/1.1 GET /x/config/conf.js
INFO	 [::1]:54041 HTTP/1.1 GET /x/model/Player.js
INFO	 [::1]:54042 HTTP/1.1 GET /x/js/dataManager.js
INFO	 [::1]:54039 HTTP/1.1 GET /x/espace_login.html
INFO	 [::1]:54039 HTTP/1.1 GET /x/espace_login.html
INFO	 [::1]:54039 HTTP/1.1 GET /x/css/espace_login.css
INFO	 [::1]:54042 HTTP/1.1 GET /x/lib/jquery/jquery-3.4.1.min.js
INFO	 [::1]:54041 HTTP/1.1 GET /x/config/conf.js
INFO	 [::1]:54040 HTTP/1.1 GET /x/model/Player.js
INFO	 [::1]:54098 HTTP/1.1 GET /x/js/dataManager.js
INFO	 [::1]:54098 HTTP/1.1 POST /save/player
INFO	 [::1]:54142 HTTP/1.1 POST /save/player
INFO	 [::1]:54142 HTTP/1.1 GET /x/html/espace_game.html
INFO	 [::1]:54142 HTTP/1.1 GET /x/css/espace_game.css
INFO	 [::1]:54144 HTTP/1.1 GET /x/lib/jquery/jquery-3.3.1.min.js
INFO	 [::1]:54142 HTTP/1.1 GET /x/lib/bootstrap/bootstrap-3.4.1.min.css
INFO	 [::1]:54146 HTTP/1.1 GET /x/lib/datatable/datatables.min.css
INFO	 [::1]:54147 HTTP/1.1 GET /x/lib/datatable/datatables.min.js
INFO	 [::1]:54148 HTTP/1.1 GET /x/lib/awesome-functions/awesome-functions.min.js
INFO	 [::1]:54149 HTTP/1.1 GET /x/css/espace_login.css
INFO	 [::1]:54149 HTTP/1.1 GET /x/lib/bootstrap/bootstrap-3.4.1.min.js
INFO	 [::1]:54144 HTTP/1.1 GET /x/model/Game.js
INFO	 [::1]:54142 HTTP/1.1 GET /x/model/Position.js
INFO	 [::1]:54146 HTTP/1.1 GET /x/model/Rectangle.js
INFO	 [::1]:54144 HTTP/1.1 GET /x/model/Canvas.js
INFO	 [::1]:54142 HTTP/1.1 GET /x/js/gameManager.js
INFO	 [::1]:54146 HTTP/1.1 GET /x/js/dataManager.js
INFO	 [::1]:54147 HTTP/1.1 POST /save/player
INFO	 [::1]:54147 HTTP/1.1 POST /update/player
INFO	 [::1]:54147 HTTP/1.1 POST /update/player
INFO	 [::1]:54147 HTTP/1.1 POST /update/player
INFO	 [::1]:54147 HTTP/1.1 GET /x/espace_login.html
Starting server on :4000 
INFO	 [::1]:54223 HTTP/1.1 GET /x/espace_login.html
INFO	 [::1]:54223 HTTP/1.1 GET /x/css/espace_login.css
INFO	 [::1]:54223 HTTP/1.1 GET /x/lib/jquery/jquery-3.4.1.min.js
INFO	 [::1]:54224 HTTP/1.1 GET /x/config/conf.js
INFO	 [::1]:54225 HTTP/1.1 GET /x/model/Player.js
INFO	 [::1]:54226 HTTP/1.1 GET /x/js/dataManager.js
INFO	 [::1]:54223 HTTP/1.1 POST /save/player
INFO	 [::1]:54223 HTTP/1.1 GET /x/html/espace_game.html
INFO	 [::1]:54223 HTTP/1.1 GET /x/css/espace_game.css
INFO	 [::1]:54226 HTTP/1.1 GET /x/lib/jquery/jquery-3.3.1.min.js
INFO	 [::1]:54225 HTTP/1.1 GET /x/lib/bootstrap/bootstrap-3.4.1.min.css
INFO	 [::1]:54224 HTTP/1.1 GET /x/lib/datatable/datatables.min.css
INFO	 [::1]:54229 HTTP/1.1 GET /x/lib/datatable/datatables.min.js
INFO	 [::1]:54230 HTTP/1.1 GET /x/lib/awesome-functions/awesome-functions.min.js
INFO	 [::1]:54223 HTTP/1.1 GET /x/lib/bootstrap/bootstrap-3.4.1.min.js
INFO	 [::1]:54226 HTTP/1.1 GET /x/model/Game.js
INFO	 [::1]:54224 HTTP/1.1 GET /x/model/Position.js
INFO	 [::1]:54225 HTTP/1.1 GET /x/model/Rectangle.js
INFO	 [::1]:54226 HTTP/1.1 GET /x/model/Canvas.js
INFO	 [::1]:54224 HTTP/1.1 GET /x/js/gameManager.js
INFO	 [::1]:54229 HTTP/1.1 POST /save/player
INFO	 [::1]:54229 HTTP/1.1 POST /save/player
INFO	 [::1]:54229 HTTP/1.1 GET /x/css/espace_game.css
Starting server on :4000 
INFO	 [::1]:54263 HTTP/1.1 GET /x/espace_login.html
INFO	 [::1]:54263 HTTP/1.1 GET /x/css/espace_login.css
INFO	 [::1]:54264 HTTP/1.1 GET /x/lib/jquery/jquery-3.4.1.min.js
INFO	 [::1]:54265 HTTP/1.1 GET /x/config/conf.js
INFO	 [::1]:54266 HTTP/1.1 GET /x/model/Player.js
INFO	 [::1]:54267 HTTP/1.1 GET /x/js/dataManager.js
INFO	 [::1]:54264 HTTP/1.1 POST /save/player
INFO	 [::1]:54264 HTTP/1.1 GET /x/html/espace_game.html
INFO	 [::1]:54264 HTTP/1.1 GET /x/css/espace_game.css
INFO	 [::1]:54267 HTTP/1.1 GET /x/lib/jquery/jquery-3.3.1.min.js
INFO	 [::1]:54266 HTTP/1.1 GET /x/lib/bootstrap/bootstrap-3.4.1.min.css
INFO	 [::1]:54265 HTTP/1.1 GET /x/lib/datatable/datatables.min.css
INFO	 [::1]:54263 HTTP/1.1 GET /x/lib/datatable/datatables.min.js
INFO	 [::1]:54270 HTTP/1.1 GET /x/lib/awesome-functions/awesome-functions.min.js
INFO	 [::1]:54264 HTTP/1.1 GET /x/lib/bootstrap/bootstrap-3.4.1.min.js
INFO	 [::1]:54267 HTTP/1.1 GET /x/model/Game.js
INFO	 [::1]:54265 HTTP/1.1 GET /x/model/Position.js
INFO	 [::1]:54266 HTTP/1.1 GET /x/model/Rectangle.js
INFO	 [::1]:54267 HTTP/1.1 GET /x/model/Canvas.js
INFO	 [::1]:54265 HTTP/1.1 GET /x/js/gameManager.js
INFO	 [::1]:54263 HTTP/1.1 GET /x/html/espace_game.html
Starting server on :4000 
INFO	 [::1]:54285 HTTP/1.1 GET /x/espace_login.html
INFO	 [::1]:54285 HTTP/1.1 GET /x/css/espace_login.css
INFO	 [::1]:54285 HTTP/1.1 GET /x/lib/jquery/jquery-3.4.1.min.js
INFO	 [::1]:54286 HTTP/1.1 GET /x/config/conf.js
INFO	 [::1]:54287 HTTP/1.1 GET /x/model/Player.js
INFO	 [::1]:54288 HTTP/1.1 GET /x/js/dataManager.js
INFO	 [::1]:54288 HTTP/1.1 POST /save/player
INFO	 [::1]:54288 HTTP/1.1 GET /x/html/espace_game.html
INFO	 [::1]:54288 HTTP/1.1 GET /x/css/espace_game.css
INFO	 [::1]:54287 HTTP/1.1 GET /x/lib/jquery/jquery-3.3.1.min.js
INFO	 [::1]:54286 HTTP/1.1 GET /x/lib/bootstrap/bootstrap-3.4.1.min.css
INFO	 [::1]:54285 HTTP/1.1 GET /x/lib/datatable/datatables.min.css
INFO	 [::1]:54290 HTTP/1.1 GET /x/lib/datatable/datatables.min.js
INFO	 [::1]:54291 HTTP/1.1 GET /x/lib/awesome-functions/awesome-functions.min.js
INFO	 [::1]:54288 HTTP/1.1 GET /x/lib/bootstrap/bootstrap-3.4.1.min.js
INFO	 [::1]:54287 HTTP/1.1 GET /x/model/Game.js
INFO	 [::1]:54286 HTTP/1.1 GET /x/model/Position.js
INFO	 [::1]:54287 HTTP/1.1 GET /x/model/Canvas.js
INFO	 [::1]:54285 HTTP/1.1 GET /x/model/Rectangle.js
INFO	 [::1]:54288 HTTP/1.1 GET /x/js/gameManager.js
INFO	 [::1]:54290 HTTP/1.1 GET /x/lib/datatable/pdfmake.min.js.map
INFO	 [::1]:54290 HTTP/1.1 GET /x/lib/bootstrap/bootstrap-3.4.1.min.css.map
Starting server on :4000 
INFO	 [::1]:55730 HTTP/1.1 GET /x/html/espace_game.html
INFO	 [::1]:55730 HTTP/1.1 GET /x/css/espace_game.css
INFO	 [::1]:55731 HTTP/1.1 GET /x/css/espace_login.css
INFO	 [::1]:55732 HTTP/1.1 GET /x/lib/jquery/jquery-3.3.1.min.js
INFO	 [::1]:55733 HTTP/1.1 GET /x/lib/awesome-functions/awesome-functions.min.js
INFO	 [::1]:55734 HTTP/1.1 GET /x/config/conf.js
INFO	 [::1]:55735 HTTP/1.1 GET /x/model/Game.js
INFO	 [::1]:55730 HTTP/1.1 GET /x/model/Player.js
INFO	 [::1]:55731 HTTP/1.1 GET /x/model/Position.js
INFO	 [::1]:55734 HTTP/1.1 GET /x/model/Rectangle.js
INFO	 [::1]:55735 HTTP/1.1 GET /x/model/Canvas.js
INFO	 [::1]:55732 HTTP/1.1 GET /x/js/dataManager.js
INFO	 [::1]:55730 HTTP/1.1 GET /x/js/gameManager.js
INFO	 [::1]:55730 HTTP/1.1 POST /update/player
Starting server on :4000 
INFO	 [::1]:55803 HTTP/1.1 GET /x/html/espace_game.html
INFO	 [::1]:55803 HTTP/1.1 GET /x/css/espace_game.css
INFO	 [::1]:55803 HTTP/1.1 GET /x/css/espace_login.css
INFO	 [::1]:55804 HTTP/1.1 GET /x/lib/jquery/jquery-3.3.1.min.js
INFO	 [::1]:55805 HTTP/1.1 GET /x/lib/awesome-functions/awesome-functions.min.js
INFO	 [::1]:55806 HTTP/1.1 GET /x/config/conf.js
INFO	 [::1]:55807 HTTP/1.1 GET /x/model/Game.js
INFO	 [::1]:55808 HTTP/1.1 GET /x/model/Player.js
INFO	 [::1]:55803 HTTP/1.1 GET /x/model/Position.js
INFO	 [::1]:55808 HTTP/1.1 GET /x/js/dataManager.js
INFO	 [::1]:55804 HTTP/1.1 GET /x/model/Canvas.js
INFO	 [::1]:55806 HTTP/1.1 GET /x/model/Rectangle.js
INFO	 [::1]:55807 HTTP/1.1 GET /x/js/gameManager.js
Starting server on :4000 
INFO	 [::1]:55829 HTTP/1.1 GET /x/espace_login.html
INFO	 [::1]:55829 HTTP/1.1 GET /x/css/espace_login.css
INFO	 [::1]:55829 HTTP/1.1 GET /x/lib/jquery/jquery-3.4.1.min.js
INFO	 [::1]:55830 HTTP/1.1 GET /x/config/conf.js
INFO	 [::1]:55831 HTTP/1.1 GET /x/model/Player.js
INFO	 [::1]:55832 HTTP/1.1 GET /x/js/dataManager.js
INFO	 [::1]:55829 HTTP/1.1 GET /x/espace_login.html
INFO	 [::1]:55829 HTTP/1.1 GET /x/css/espace_login.css
INFO	 [::1]:55829 HTTP/1.1 GET /x/espace_login.html
INFO	 [::1]:55829 HTTP/1.1 GET /x/css/espace_login.css
INFO	 [::1]:55829 HTTP/1.1 GET /x/espace_login.html
INFO	 [::1]:55829 HTTP/1.1 GET /x/css/espace_login.css
INFO	 [::1]:55832 HTTP/1.1 GET /x/lib/jquery/jquery-3.4.1.min.js
INFO	 [::1]:55831 HTTP/1.1 GET /x/config/conf.js
INFO	 [::1]:55830 HTTP/1.1 GET /x/model/Player.js
INFO	 [::1]:55835 HTTP/1.1 GET /x/js/dataManager.js
Starting server on :4000 
INFO	 [::1]:55846 HTTP/1.1 GET /x/espace_login.html
INFO	 [::1]:55846 HTTP/1.1 GET /x/css/espace_login.css
INFO	 [::1]:55846 HTTP/1.1 GET /x/css/espace_login.css
Starting server on :4000 
INFO	 [::1]:56977 HTTP/1.1 GET /x/espace_login.html
INFO	 [::1]:56977 HTTP/1.1 GET /x/css/espace_login.css
INFO	 [::1]:56977 HTTP/1.1 GET /x/lib/jquery/jquery-3.4.1.min.js
INFO	 [::1]:56977 HTTP/1.1 GET /x/config/conf.js
INFO	 [::1]:56978 HTTP/1.1 GET /x/model/Player.js
INFO	 [::1]:56979 HTTP/1.1 GET /x/js/dataManager.js
INFO	 [::1]:56979 HTTP/1.1 POST /save/player
INFO	 [::1]:56979 HTTP/1.1 POST /save/player
INFO	 [::1]:56979 HTTP/1.1 POST /save/player
INFO	 [::1]:57490 HTTP/1.1 GET /x/espace_login.html
INFO	 [::1]:57490 HTTP/1.1 POST /save/player
INFO	 [::1]:57490 HTTP/1.1 GET /x/html/espace_game.html
INFO	 [::1]:57490 HTTP/1.1 GET /x/css/espace_game.css
INFO	 [::1]:57579 HTTP/1.1 GET /x/lib/jquery/jquery-3.3.1.min.js
INFO	 [::1]:57581 HTTP/1.1 GET /x/lib/datatable/datatables.min.css
INFO	 [::1]:57580 HTTP/1.1 GET /x/lib/bootstrap/bootstrap-3.4.1.min.css
INFO	 [::1]:57583 HTTP/1.1 GET /x/lib/awesome-functions/awesome-functions.min.js
INFO	 [::1]:57582 HTTP/1.1 GET /x/lib/datatable/datatables.min.js
INFO	 [::1]:57490 HTTP/1.1 GET /x/lib/bootstrap/bootstrap-3.4.1.min.js
INFO	 [::1]:57579 HTTP/1.1 GET /x/model/Position.js
INFO	 [::1]:57581 HTTP/1.1 GET /x/model/Game.js
INFO	 [::1]:57580 HTTP/1.1 GET /x/model/Rectangle.js
INFO	 [::1]:57581 HTTP/1.1 GET /x/js/gameManager.js
INFO	 [::1]:57490 HTTP/1.1 GET /x/model/Canvas.js
INFO	 [::1]:57582 HTTP/1.1 POST /save/player
Starting server on :4000 
INFO	 [::1]:57669 HTTP/1.1 GET /x/espace_login.html
INFO	 [::1]:57669 HTTP/1.1 GET /x/css/espace_login.css
INFO	 [::1]:57670 HTTP/1.1 GET /x/lib/jquery/jquery-3.4.1.min.js
INFO	 [::1]:57671 HTTP/1.1 GET /x/config/conf.js
INFO	 [::1]:57672 HTTP/1.1 GET /x/model/Player.js
INFO	 [::1]:57673 HTTP/1.1 GET /x/js/dataManager.js
INFO	 [::1]:57670 HTTP/1.1 POST /save/player
INFO	 [::1]:57670 HTTP/1.1 GET /x/html/espace_game.html
INFO	 [::1]:57670 HTTP/1.1 GET /x/css/espace_game.css
INFO	 [::1]:57673 HTTP/1.1 GET /x/lib/jquery/jquery-3.3.1.min.js
INFO	 [::1]:57672 HTTP/1.1 GET /x/lib/bootstrap/bootstrap-3.4.1.min.css
INFO	 [::1]:57671 HTTP/1.1 GET /x/lib/datatable/datatables.min.js
INFO	 [::1]:57670 HTTP/1.1 GET /x/lib/datatable/datatables.min.css
INFO	 [::1]:57669 HTTP/1.1 GET /x/lib/awesome-functions/awesome-functions.min.js
INFO	 [::1]:57677 HTTP/1.1 GET /x/lib/bootstrap/bootstrap-3.4.1.min.js
INFO	 [::1]:57673 HTTP/1.1 GET /x/model/Game.js
INFO	 [::1]:57672 HTTP/1.1 GET /x/model/Position.js
INFO	 [::1]:57670 HTTP/1.1 GET /x/model/Rectangle.js
INFO	 [::1]:57677 HTTP/1.1 GET /x/model/Canvas.js
INFO	 [::1]:57673 HTTP/1.1 GET /x/js/gameManager.js
INFO	 [::1]:57671 HTTP/1.1 POST /save/player
Starting server on :4000 
INFO	 [::1]:57899 HTTP/1.1 GET /x/espace_login.html
INFO	 [::1]:57899 HTTP/1.1 GET /x/css/espace_login.css
INFO	 [::1]:57900 HTTP/1.1 GET /x/lib/jquery/jquery-3.4.1.min.js
INFO	 [::1]:57901 HTTP/1.1 GET /x/config/conf.js
INFO	 [::1]:57902 HTTP/1.1 GET /x/model/Player.js
INFO	 [::1]:57903 HTTP/1.1 GET /x/js/dataManager.js
INFO	 [::1]:57900 HTTP/1.1 POST /save/player
Starting server on :4000 
INFO	 [::1]:58339 HTTP/1.1 GET /x/espace_login.html
INFO	 [::1]:58339 HTTP/1.1 GET /x/css/espace_login.css
INFO	 [::1]:58340 HTTP/1.1 GET /x/lib/jquery/jquery-3.4.1.min.js
INFO	 [::1]:58342 HTTP/1.1 GET /x/model/Player.js
INFO	 [::1]:58341 HTTP/1.1 GET /x/config/conf.js
INFO	 [::1]:58343 HTTP/1.1 GET /x/js/dataManager.js
INFO	 [::1]:58340 HTTP/1.1 POST /save/player
INFO	 [::1]:58340 HTTP/1.1 GET /x/html/espace_game.html
INFO	 [::1]:58340 HTTP/1.1 GET /x/css/espace_game.css
INFO	 [::1]:58339 HTTP/1.1 GET /x/lib/jquery/jquery-3.3.1.min.js
INFO	 [::1]:58340 HTTP/1.1 GET /x/lib/bootstrap/bootstrap-3.4.1.min.css
INFO	 [::1]:58343 HTTP/1.1 GET /x/lib/datatable/datatables.min.js
INFO	 [::1]:58341 HTTP/1.1 GET /x/lib/datatable/datatables.min.css
INFO	 [::1]:58342 HTTP/1.1 GET /x/lib/awesome-functions/awesome-functions.min.js
INFO	 [::1]:58348 HTTP/1.1 GET /x/lib/bootstrap/bootstrap-3.4.1.min.js
INFO	 [::1]:58339 HTTP/1.1 GET /x/model/Game.js
INFO	 [::1]:58341 HTTP/1.1 GET /x/model/Position.js
INFO	 [::1]:58340 HTTP/1.1 GET /x/model/Rectangle.js
INFO	 [::1]:58348 HTTP/1.1 GET /x/model/Canvas.js
INFO	 [::1]:58339 HTTP/1.1 GET /x/js/gameManager.js
INFO	 [::1]:58343 HTTP/1.1 POST /save/player
INFO	 [::1]:58343 HTTP/1.1 POST /save/player
INFO	 [::1]:58343 HTTP/1.1 POST /save/player
INFO	 [::1]:58343 HTTP/1.1 POST /save/player
INFO	 [::1]:58343 HTTP/1.1 GET /x/espace_login.html
Starting server on :4000 
INFO	 [::1]:59065 HTTP/1.1 GET /x/espace_login.html
INFO	 [::1]:59065 HTTP/1.1 GET /x/espace_login.html
INFO	 [::1]:59174 HTTP/1.1 GET /x/lib/jquery/jquery-3.4.1.min.js
INFO	 [::1]:59065 HTTP/1.1 GET /x/css/espace_login.css
INFO	 [::1]:59175 HTTP/1.1 GET /x/config/conf.js
INFO	 [::1]:59176 HTTP/1.1 GET /x/model/Player.js
INFO	 [::1]:59177 HTTP/1.1 GET /x/js/dataManager.js
INFO	 [::1]:59174 HTTP/1.1 POST /save/player
INFO	 [::1]:59174 HTTP/1.1 GET /x/html/espace_game.html
INFO	 [::1]:59174 HTTP/1.1 GET /x/css/espace_game.css
INFO	 [::1]:59065 HTTP/1.1 GET /x/lib/jquery/jquery-3.3.1.min.js
INFO	 [::1]:59174 HTTP/1.1 GET /x/lib/bootstrap/bootstrap-3.4.1.min.css
INFO	 [::1]:59176 HTTP/1.1 GET /x/lib/datatable/datatables.min.js
INFO	 [::1]:59177 HTTP/1.1 GET /x/lib/datatable/datatables.min.css
INFO	 [::1]:59175 HTTP/1.1 GET /x/lib/awesome-functions/awesome-functions.min.js
INFO	 [::1]:59227 HTTP/1.1 GET /x/css/espace_login.css
INFO	 [::1]:59227 HTTP/1.1 GET /x/lib/bootstrap/bootstrap-3.4.1.min.js
INFO	 [::1]:59065 HTTP/1.1 GET /x/model/Game.js
INFO	 [::1]:59174 HTTP/1.1 GET /x/model/Position.js
INFO	 [::1]:59177 HTTP/1.1 GET /x/model/Rectangle.js
INFO	 [::1]:59065 HTTP/1.1 GET /x/model/Canvas.js
INFO	 [::1]:59174 HTTP/1.1 GET /x/js/gameManager.js
Starting server on :4000 
INFO	 [::1]:60043 HTTP/1.1 GET /x/espace_login.html
INFO	 [::1]:60043 HTTP/1.1 GET /x/css/espace_login.css
INFO	 [::1]:60044 HTTP/1.1 GET /x/lib/jquery/jquery-3.4.1.min.js
INFO	 [::1]:60047 HTTP/1.1 GET /x/config/conf.js
INFO	 [::1]:60048 HTTP/1.1 GET /x/model/Player.js
INFO	 [::1]:60049 HTTP/1.1 GET /x/js/dataManager.js
INFO	 [::1]:60044 HTTP/1.1 POST /save/player
INFO	 [::1]:60044 HTTP/1.1 GET /x/html/espace_game.html
INFO	 [::1]:60044 HTTP/1.1 GET /x/css/espace_game.css
INFO	 [::1]:60049 HTTP/1.1 GET /x/lib/jquery/jquery-3.3.1.min.js
INFO	 [::1]:60049 HTTP/1.1 GET /x/lib/bootstrap/bootstrap-3.4.1.min.css
INFO	 [::1]:60048 HTTP/1.1 GET /x/lib/datatable/datatables.min.js
INFO	 [::1]:60044 HTTP/1.1 GET /x/lib/datatable/datatables.min.css
INFO	 [::1]:60047 HTTP/1.1 GET /x/lib/awesome-functions/awesome-functions.min.js
INFO	 [::1]:60043 HTTP/1.1 GET /x/lib/bootstrap/bootstrap-3.4.1.min.js
INFO	 [::1]:60051 HTTP/1.1 GET /x/model/Game.js
INFO	 [::1]:60049 HTTP/1.1 GET /x/model/Position.js
INFO	 [::1]:60044 HTTP/1.1 GET /x/model/Rectangle.js
INFO	 [::1]:60051 HTTP/1.1 GET /x/model/Canvas.js
INFO	 [::1]:60043 HTTP/1.1 GET /x/js/gameManager.js
Starting server on :4000 
INFO	 [::1]:60077 HTTP/1.1 GET /x/espace_login.html
INFO	 [::1]:60077 HTTP/1.1 GET /x/css/espace_login.css
INFO	 [::1]:60078 HTTP/1.1 GET /x/lib/jquery/jquery-3.4.1.min.js
INFO	 [::1]:60079 HTTP/1.1 GET /x/config/conf.js
INFO	 [::1]:60081 HTTP/1.1 GET /x/js/dataManager.js
INFO	 [::1]:60080 HTTP/1.1 GET /x/model/Player.js
INFO	 [::1]:60078 HTTP/1.1 POST /save/player
INFO	 [::1]:60078 HTTP/1.1 GET /x/html/espace_game.html
INFO	 [::1]:60078 HTTP/1.1 GET /x/css/espace_game.css
INFO	 [::1]:60077 HTTP/1.1 GET /x/lib/awesome-functions/awesome-functions.min.js
INFO	 [::1]:60078 HTTP/1.1 GET /x/model/Game.js
INFO	 [::1]:60080 HTTP/1.1 GET /x/model/Position.js
INFO	 [::1]:60079 HTTP/1.1 GET /x/model/Rectangle.js
INFO	 [::1]:60081 HTTP/1.1 GET /x/js/gameManager.js
INFO	 [::1]:60077 HTTP/1.1 GET /x/model/Canvas.js
INFO	 [::1]:60081 HTTP/1.1 GET /x/css/espace_game.css
Starting server on :4000 
INFO	 [::1]:61657 HTTP/1.1 GET /x/espace_login.html
INFO	 [::1]:61657 HTTP/1.1 GET /x/css/espace_login.css
INFO	 [::1]:61658 HTTP/1.1 GET /x/lib/jquery/jquery-3.4.1.min.js
INFO	 [::1]:61661 HTTP/1.1 GET /x/model/Player.js
INFO	 [::1]:61660 HTTP/1.1 GET /x/config/conf.js
INFO	 [::1]:61662 HTTP/1.1 GET /x/js/dataManager.js
INFO	 [::1]:61658 HTTP/1.1 POST /save/player
INFO	 [::1]:61658 HTTP/1.1 GET /x/html/espace_game.html
INFO	 [::1]:61658 HTTP/1.1 GET /x/css/espace_game.css
INFO	 [::1]:61658 HTTP/1.1 GET /x/lib/awesome-functions/awesome-functions.min.js
INFO	 [::1]:61662 HTTP/1.1 GET /x/model/Game.js
INFO	 [::1]:61657 HTTP/1.1 GET /x/model/Canvas.js
INFO	 [::1]:61660 HTTP/1.1 GET /x/model/Position.js
INFO	 [::1]:61661 HTTP/1.1 GET /x/model/Rectangle.js
INFO	 [::1]:61665 HTTP/1.1 GET /x/js/gameManager.js
Starting server on :4000 
INFO	 [::1]:64297 HTTP/1.1 GET /x/espace_login.html
INFO	 [::1]:64297 HTTP/1.1 GET /x/css/espace_login.css
INFO	 [::1]:64298 HTTP/1.1 GET /x/lib/jquery/jquery-3.4.1.min.js
INFO	 [::1]:64300 HTTP/1.1 GET /x/model/Player.js
INFO	 [::1]:64299 HTTP/1.1 GET /x/config/conf.js
INFO	 [::1]:64301 HTTP/1.1 GET /x/js/dataManager.js
INFO	 [::1]:64298 HTTP/1.1 POST /save/player
INFO	 [::1]:64298 HTTP/1.1 GET /x/html/espace_game.html
INFO	 [::1]:64298 HTTP/1.1 GET /x/css/espace_game.css
INFO	 [::1]:64299 HTTP/1.1 GET /x/model/Game.js
INFO	 [::1]:64301 HTTP/1.1 GET /x/lib/awesome-functions/awesome-functions.min.js
INFO	 [::1]:64300 HTTP/1.1 GET /x/model/Position.js
INFO	 [::1]:64297 HTTP/1.1 GET /x/model/Rectangle.js
INFO	 [::1]:64309 HTTP/1.1 GET /x/model/Canvas.js
INFO	 [::1]:64298 HTTP/1.1 GET /x/js/gameManager.js
INFO	 [::1]:64299 HTTP/1.1 GET /x/css/espace_login.css
INFO	 [::1]:64301 HTTP/1.1 GET /x/css/espace_game.css
INFO	 [::1]:64298 HTTP/1.1 GET /x/css/espace_login.css
Starting server on :4000 
INFO	 [::1]:49245 HTTP/1.1 GET /x/espace_login.html
INFO	 [::1]:49245 HTTP/1.1 GET /x/css/espace_login.css
INFO	 [::1]:49246 HTTP/1.1 GET /x/lib/jquery/jquery-3.4.1.min.js
INFO	 [::1]:49248 HTTP/1.1 GET /x/config/conf.js
INFO	 [::1]:49249 HTTP/1.1 GET /x/model/Player.js
INFO	 [::1]:49250 HTTP/1.1 GET /x/js/dataManager.js
INFO	 [::1]:49246 HTTP/1.1 POST /save/player
INFO	 [::1]:49246 HTTP/1.1 GET /x/html/espace_game.html
INFO	 [::1]:49246 HTTP/1.1 GET /x/css/espace_game.css
INFO	 [::1]:49249 HTTP/1.1 GET /x/lib/awesome-functions/awesome-functions.min.js
INFO	 [::1]:49250 HTTP/1.1 GET /x/model/Game.js
INFO	 [::1]:49248 HTTP/1.1 GET /x/model/Position.js
INFO	 [::1]:49245 HTTP/1.1 GET /x/model/Rectangle.js
INFO	 [::1]:49259 HTTP/1.1 GET /x/model/Canvas.js
INFO	 [::1]:49246 HTTP/1.1 GET /x/js/gameManager.js
Starting server on :4000 
INFO	 [::1]:49272 HTTP/1.1 GET /x/espace_login.html
INFO	 [::1]:49272 HTTP/1.1 GET /x/css/espace_login.css
INFO	 [::1]:49273 HTTP/1.1 GET /x/lib/jquery/jquery-3.4.1.min.js
INFO	 [::1]:49274 HTTP/1.1 GET /x/config/conf.js
INFO	 [::1]:49275 HTTP/1.1 GET /x/model/Player.js
INFO	 [::1]:49276 HTTP/1.1 GET /x/js/dataManager.js
INFO	 [::1]:49273 HTTP/1.1 POST /save/player
INFO	 [::1]:49273 HTTP/1.1 GET /x/html/espace_game.html
INFO	 [::1]:49273 HTTP/1.1 GET /x/lib/awesome-functions/awesome-functions.min.js
INFO	 [::1]:49273 HTTP/1.1 GET /x/model/Game.js
INFO	 [::1]:49276 HTTP/1.1 GET /x/model/Position.js
INFO	 [::1]:49275 HTTP/1.1 GET /x/model/Rectangle.js
INFO	 [::1]:49274 HTTP/1.1 GET /x/model/Canvas.js
INFO	 [::1]:49272 HTTP/1.1 GET /x/js/gameManager.js
Starting server on :4000 
INFO	 [::1]:55716 HTTP/1.1 GET /x/espace_login.html
INFO	 [::1]:55716 HTTP/1.1 GET /x/css/espace_login.css
INFO	 [::1]:55716 HTTP/1.1 GET /x/lib/jquery/jquery-3.4.1.min.js
INFO	 [::1]:55717 HTTP/1.1 GET /x/model/Player.js
INFO	 [::1]:55716 HTTP/1.1 GET /x/config/conf.js
INFO	 [::1]:55716 HTTP/1.1 GET /x/js/dataManager.js
INFO	 [::1]:55716 HTTP/1.1 POST /save/player
INFO	 [::1]:55716 HTTP/1.1 GET /x/html/espace_game.html
INFO	 [::1]:55716 HTTP/1.1 GET /x/css/espace_game.css
INFO	 [::1]:55716 HTTP/1.1 GET /x/lib/awesome-functions/awesome-functions.min.js
INFO	 [::1]:55717 HTTP/1.1 GET /x/model/Game.js
INFO	 [::1]:55791 HTTP/1.1 GET /x/model/Position.js
INFO	 [::1]:55791 HTTP/1.1 GET /x/model/Rectangle.js
INFO	 [::1]:55717 HTTP/1.1 GET /x/model/Canvas.js
INFO	 [::1]:55791 HTTP/1.1 GET /x/js/gameManager.js
Starting server on :4000 
INFO	 [::1]:57568 HTTP/1.1 GET /x/espace_login.html
INFO	 [::1]:57568 HTTP/1.1 GET /x/css/espace_login.css
INFO	 [::1]:57569 HTTP/1.1 GET /x/lib/jquery/jquery-3.4.1.min.js
INFO	 [::1]:57570 HTTP/1.1 GET /x/config/conf.js
INFO	 [::1]:57571 HTTP/1.1 GET /x/model/Player.js
INFO	 [::1]:57572 HTTP/1.1 GET /x/js/dataManager.js
INFO	 [::1]:57569 HTTP/1.1 POST /save/player
INFO	 [::1]:57569 HTTP/1.1 GET /x/html/espace_game.html
INFO	 [::1]:57569 HTTP/1.1 GET /x/css/espace_game.css
INFO	 [::1]:57569 HTTP/1.1 GET /x/lib/awesome-functions/awesome-functions.min.js
INFO	 [::1]:57572 HTTP/1.1 GET /x/model/Game.js
INFO	 [::1]:57571 HTTP/1.1 GET /x/model/Position.js
INFO	 [::1]:57570 HTTP/1.1 GET /x/model/Rectangle.js
INFO	 [::1]:57568 HTTP/1.1 GET /x/model/Canvas.js
INFO	 [::1]:57574 HTTP/1.1 GET /x/js/gameManager.js
Starting server on :4000 
INFO	 [::1]:57867 HTTP/1.1 GET /x/espace_login.html
INFO	 [::1]:57867 HTTP/1.1 GET /x/css/espace_login.css
INFO	 [::1]:57868 HTTP/1.1 GET /x/lib/jquery/jquery-3.4.1.min.js
INFO	 [::1]:57869 HTTP/1.1 GET /x/config/conf.js
INFO	 [::1]:57870 HTTP/1.1 GET /x/model/Player.js
INFO	 [::1]:57871 HTTP/1.1 GET /x/js/dataManager.js
INFO	 [::1]:57871 HTTP/1.1 POST /save/player
INFO	 [::1]:57871 HTTP/1.1 GET /x/html/espace_game.html
INFO	 [::1]:57871 HTTP/1.1 GET /x/css/espace_game.css
INFO	 [::1]:57871 HTTP/1.1 GET /x/lib/awesome-functions/awesome-functions.min.js
INFO	 [::1]:57868 HTTP/1.1 GET /x/model/Game.js
INFO	 [::1]:57870 HTTP/1.1 GET /x/model/Position.js
INFO	 [::1]:57867 HTTP/1.1 GET /x/model/Canvas.js
INFO	 [::1]:57869 HTTP/1.1 GET /x/model/Rectangle.js
INFO	 [::1]:57872 HTTP/1.1 GET /x/js/gameManager.js
INFO	 [::1]:57872 HTTP/1.1 GET /x/html/espace_game.html
Starting server on :4000 
INFO	 [::1]:58311 HTTP/1.1 GET /x/espace_login.html
INFO	 [::1]:58311 HTTP/1.1 GET /x/css/espace_login.css
INFO	 [::1]:58312 HTTP/1.1 GET /x/lib/jquery/jquery-3.4.1.min.js
INFO	 [::1]:58314 HTTP/1.1 GET /x/config/conf.js
INFO	 [::1]:58315 HTTP/1.1 GET /x/model/Player.js
INFO	 [::1]:58316 HTTP/1.1 GET /x/js/dataManager.js
INFO	 [::1]:58312 HTTP/1.1 POST /save/player
INFO	 [::1]:58312 HTTP/1.1 GET /x/html/espace_game.html
INFO	 [::1]:58312 HTTP/1.1 GET /x/css/espace_game.css
INFO	 [::1]:58316 HTTP/1.1 GET /x/lib/awesome-functions/awesome-functions.min.js
INFO	 [::1]:58312 HTTP/1.1 GET /x/model/Game.js
INFO	 [::1]:58314 HTTP/1.1 GET /x/model/Position.js
INFO	 [::1]:58315 HTTP/1.1 GET /x/model/Rectangle.js
INFO	 [::1]:58311 HTTP/1.1 GET /x/model/Canvas.js
INFO	 [::1]:58317 HTTP/1.1 GET /x/js/gameManager.js
Starting server on :4000 
INFO	 [::1]:53747 HTTP/1.1 GET /x/espace_login.html
INFO	 [::1]:53747 HTTP/1.1 GET /x/css/espace_login.css
INFO	 [::1]:53748 HTTP/1.1 GET /x/lib/jquery/jquery-3.4.1.min.js
INFO	 [::1]:53749 HTTP/1.1 GET /x/config/conf.js
INFO	 [::1]:53750 HTTP/1.1 GET /x/model/Player.js
INFO	 [::1]:53751 HTTP/1.1 GET /x/js/dataManager.js
INFO	 [::1]:53748 HTTP/1.1 POST /save/player
INFO	 [::1]:53748 HTTP/1.1 GET /x/html/espace_game.html
INFO	 [::1]:53748 HTTP/1.1 GET /x/css/espace_game.css
INFO	 [::1]:53749 HTTP/1.1 GET /x/model/Game.js
INFO	 [::1]:53747 HTTP/1.1 GET /x/lib/awesome-functions/awesome-functions.min.js
INFO	 [::1]:53751 HTTP/1.1 GET /x/model/Position.js
INFO	 [::1]:53750 HTTP/1.1 GET /x/model/Rectangle.js
INFO	 [::1]:53748 HTTP/1.1 GET /x/model/Canvas.js
INFO	 [::1]:53755 HTTP/1.1 GET /x/js/gameManager.js
INFO	 [::1]:53747 HTTP/1.1 POST /save/player
INFO	 [::1]:53747 HTTP/1.1 GET /x/css/espace_game.css
INFO	 [::1]:53747 HTTP/1.1 GET /favicon.ico
INFO	 [::1]:53747 HTTP/1.1 GET /favicon.ico
INFO	 [::1]:53747 HTTP/1.1 GET /favicon.ico
Starting server on :4000 
INFO	 [::1]:54775 HTTP/1.1 GET /x/espace_login.html
INFO	 [::1]:54775 HTTP/1.1 GET /x/css/espace_login.css
INFO	 [::1]:54776 HTTP/1.1 GET /x/lib/jquery/jquery-3.4.1.min.js
INFO	 [::1]:54779 HTTP/1.1 GET /x/config/conf.js
INFO	 [::1]:54781 HTTP/1.1 GET /x/js/dataManager.js
INFO	 [::1]:54780 HTTP/1.1 GET /x/model/Player.js
INFO	 [::1]:54776 HTTP/1.1 POST /save/player
INFO	 [::1]:54776 HTTP/1.1 GET /x/html/espace_game.html
INFO	 [::1]:54776 HTTP/1.1 GET /x/css/espace_game.css
INFO	 [::1]:54780 HTTP/1.1 GET /x/lib/awesome-functions/awesome-functions.min.js
INFO	 [::1]:54779 HTTP/1.1 GET /x/model/Position.js
INFO	 [::1]:54781 HTTP/1.1 GET /x/model/Game.js
INFO	 [::1]:54776 HTTP/1.1 GET /x/model/Rectangle.js
INFO	 [::1]:54775 HTTP/1.1 GET /x/model/Canvas.js
INFO	 [::1]:54785 HTTP/1.1 GET /x/js/gameManager.js
Starting server on :4000 
INFO	 [::1]:54813 HTTP/1.1 POST /save/player
INFO	 [::1]:54813 HTTP/1.1 GET /x/css/espace_game.css
INFO	 [::1]:54813 HTTP/1.1 GET /x/css/espace_game.css
INFO	 [::1]:56612 HTTP/1.1 GET /x/html/espace_game.html
INFO	 [::1]:56612 HTTP/1.1 GET /x/css/espace_game.css
INFO	 [::1]:57956 HTTP/1.1 GET /x/html/espace_game.html
INFO	 [::1]:57956 HTTP/1.1 GET /x/css/espace_game.css
INFO	 [::1]:57956 HTTP/1.1 GET /x/html/espace_game.html
INFO	 [::1]:57956 HTTP/1.1 GET /x/css/espace_game.css
Starting server on :4000 
INFO	 [::1]:59441 HTTP/1.1 GET /x/espace_login.html
INFO	 [::1]:59441 HTTP/1.1 GET /x/css/espace_login.css
INFO	 [::1]:59442 HTTP/1.1 GET /x/lib/jquery/jquery-3.4.1.min.js
INFO	 [::1]:59443 HTTP/1.1 GET /x/config/conf.js
INFO	 [::1]:59444 HTTP/1.1 GET /x/model/Player.js
INFO	 [::1]:59445 HTTP/1.1 GET /x/js/dataManager.js
INFO	 [::1]:59442 HTTP/1.1 POST /save/player
INFO	 [::1]:59442 HTTP/1.1 GET /x/html/espace_game.html
INFO	 [::1]:59442 HTTP/1.1 GET /x/css/espace_game.css
INFO	 [::1]:59445 HTTP/1.1 GET /x/lib/awesome-functions/awesome-functions.min.js
INFO	 [::1]:59444 HTTP/1.1 GET /x/model/Game.js
INFO	 [::1]:59443 HTTP/1.1 GET /x/model/Position.js
INFO	 [::1]:59442 HTTP/1.1 GET /x/model/Rectangle.js
INFO	 [::1]:59441 HTTP/1.1 GET /x/model/Canvas.js
INFO	 [::1]:59450 HTTP/1.1 GET /x/js/gameManager.js
INFO	 [::1]:59450 HTTP/1.1 GET /x/css/espace_game.css
Starting server on :4000 
INFO	 [::1]:59911 HTTP/1.1 GET /x/espace_login.html
INFO	 [::1]:59911 HTTP/1.1 GET /x/css/espace_login.css
INFO	 [::1]:59912 HTTP/1.1 GET /x/lib/jquery/jquery-3.4.1.min.js
INFO	 [::1]:59913 HTTP/1.1 GET /x/config/conf.js
INFO	 [::1]:59914 HTTP/1.1 GET /x/model/Player.js
INFO	 [::1]:59915 HTTP/1.1 GET /x/js/dataManager.js
INFO	 [::1]:59912 HTTP/1.1 POST /save/player
INFO	 [::1]:59912 HTTP/1.1 GET /x/html/espace_game.html
INFO	 [::1]:59912 HTTP/1.1 GET /x/css/espace_game.css
INFO	 [::1]:59915 HTTP/1.1 GET /x/lib/awesome-functions/awesome-functions.min.js
INFO	 [::1]:59914 HTTP/1.1 GET /x/model/Game.js
INFO	 [::1]:59912 HTTP/1.1 GET /x/model/Position.js
INFO	 [::1]:59913 HTTP/1.1 GET /x/model/Rectangle.js
INFO	 [::1]:59911 HTTP/1.1 GET /x/model/Canvas.js
INFO	 [::1]:59920 HTTP/1.1 GET /x/js/gameManager.js
INFO	 [::1]:59920 HTTP/1.1 GET /x/css/espace_game.css
Starting server on :4000 
INFO	 [::1]:61419 HTTP/1.1 GET /x/espace_login.html
INFO	 [::1]:61419 HTTP/1.1 GET /x/css/espace_login.css
INFO	 [::1]:61420 HTTP/1.1 GET /x/lib/jquery/jquery-3.4.1.min.js
INFO	 [::1]:61422 HTTP/1.1 GET /x/config/conf.js
INFO	 [::1]:61423 HTTP/1.1 GET /x/model/Player.js
INFO	 [::1]:61424 HTTP/1.1 GET /x/js/dataManager.js
INFO	 [::1]:61420 HTTP/1.1 POST /save/player
INFO	 [::1]:61420 HTTP/1.1 GET /x/html/espace_game.html
INFO	 [::1]:61420 HTTP/1.1 GET /x/css/espace_game.css
INFO	 [::1]:61424 HTTP/1.1 GET /x/lib/awesome-functions/awesome-functions.min.js
INFO	 [::1]:61423 HTTP/1.1 GET /x/model/Game.js
INFO	 [::1]:61420 HTTP/1.1 GET /x/model/Position.js
INFO	 [::1]:61422 HTTP/1.1 GET /x/model/Rectangle.js
INFO	 [::1]:61419 HTTP/1.1 GET /x/model/Canvas.js
INFO	 [::1]:61423 HTTP/1.1 GET /x/js/gameManager.js
INFO	 [::1]:61424 HTTP/1.1 GET /x/css/espace_game.css
Starting server on :4000 
INFO	 [::1]:63251 HTTP/1.1 GET /x/espace_login.html
INFO	 [::1]:63252 HTTP/1.1 GET /x/lib/jquery/jquery-3.4.1.min.js
INFO	 [::1]:63251 HTTP/1.1 GET /x/css/espace_login.css
INFO	 [::1]:63253 HTTP/1.1 GET /x/config/conf.js
INFO	 [::1]:63254 HTTP/1.1 GET /x/model/Player.js
INFO	 [::1]:63255 HTTP/1.1 GET /x/js/dataManager.js
INFO	 [::1]:63252 HTTP/1.1 POST /save/player
INFO	 [::1]:63252 HTTP/1.1 GET /x/html/espace_game.html
INFO	 [::1]:63252 HTTP/1.1 GET /x/css/espace_game.css
INFO	 [::1]:63255 HTTP/1.1 GET /x/lib/awesome-functions/awesome-functions.min.js
INFO	 [::1]:63254 HTTP/1.1 GET /x/model/Game.js
INFO	 [::1]:63253 HTTP/1.1 GET /x/model/Position.js
INFO	 [::1]:63251 HTTP/1.1 GET /x/model/Canvas.js
INFO	 [::1]:63252 HTTP/1.1 GET /x/model/Rectangle.js
INFO	 [::1]:63259 HTTP/1.1 GET /x/js/gameManager.js
INFO	 [::1]:63259 HTTP/1.1 GET /x/css/espace_game.css
INFO	 [::1]:64221 HTTP/1.1 GET /x/css/espace_login.css
INFO	 [::1]:64221 HTTP/1.1 POST /save/player
INFO	 [::1]:64221 HTTP/1.1 GET /x/html/espace_game.html
INFO	 [::1]:64221 HTTP/1.1 GET /x/css/espace_game.css
Starting server on :4000 
INFO	 [::1]:65159 HTTP/1.1 GET /x/espace_login.html
INFO	 [::1]:65159 HTTP/1.1 GET /x/css/espace_login.css
INFO	 [::1]:65160 HTTP/1.1 GET /x/lib/jquery/jquery-3.4.1.min.js
INFO	 [::1]:65161 HTTP/1.1 GET /x/config/conf.js
INFO	 [::1]:65162 HTTP/1.1 GET /x/model/Player.js
INFO	 [::1]:65163 HTTP/1.1 GET /x/js/dataManager.js
INFO	 [::1]:65160 HTTP/1.1 POST /save/player
INFO	 [::1]:65160 HTTP/1.1 GET /x/html/espace_game.html
INFO	 [::1]:65160 HTTP/1.1 GET /x/css/espace_game.css
INFO	 [::1]:65163 HTTP/1.1 GET /x/lib/awesome-functions/awesome-functions.min.js
INFO	 [::1]:65162 HTTP/1.1 GET /x/model/Game.js
INFO	 [::1]:65161 HTTP/1.1 GET /x/model/Rectangle.js
INFO	 [::1]:65160 HTTP/1.1 GET /x/model/Position.js
INFO	 [::1]:65159 HTTP/1.1 GET /x/model/Canvas.js
INFO	 [::1]:65162 HTTP/1.1 GET /x/config/conf.js
INFO	 [::1]:65167 HTTP/1.1 GET /x/js/gameManager.js
INFO	 [::1]:65167 HTTP/1.1 POST /update/player
Starting server on :4000 
Starting server on :4000 
INFO	 [::1]:49343 HTTP/1.1 GET /x/espace_login.html
INFO	 [::1]:49343 HTTP/1.1 GET /game/espace_login.html
INFO	 [::1]:49343 HTTP/1.1 GET /game/css/espace_login.css
INFO	 [::1]:49344 HTTP/1.1 GET /game/lib/jquery/jquery-3.4.1.min.js
INFO	 [::1]:49345 HTTP/1.1 GET /game/config/conf.js
INFO	 [::1]:49346 HTTP/1.1 GET /game/model/Player.js
INFO	 [::1]:49347 HTTP/1.1 GET /game/js/dataManager.js
Starting server on :4000 
INFO	 [::1]:50086 HTTP/1.1 GET /x/espace_login.html
INFO	 [::1]:50086 HTTP/1.1 GET /game/espace_login.html
INFO	 [::1]:50086 HTTP/1.1 GET /game/css/espace_login.css
INFO	 [::1]:50086 HTTP/1.1 GET /game/config/conf.js
INFO	 [::1]:50087 HTTP/1.1 GET /game/js/dataManager.js
INFO	 [::1]:50087 HTTP/1.1 POST /save/player
INFO	 [::1]:50087 HTTP/1.1 GET /game/html/espace_game.html
INFO	 [::1]:50087 HTTP/1.1 GET /game/css/espace_game.css
INFO	 [::1]:50086 HTTP/1.1 GET /game/lib/awesome-functions/awesome-functions.min.js
INFO	 [::1]:50089 HTTP/1.1 GET /game/model/Game.js
INFO	 [::1]:50091 HTTP/1.1 GET /game/model/Rectangle.js
INFO	 [::1]:50087 HTTP/1.1 GET /game/model/Canvas.js
INFO	 [::1]:50090 HTTP/1.1 GET /game/model/Position.js
INFO	 [::1]:50092 HTTP/1.1 GET /game/js/gameManager.js
Starting server on :4000 
INFO	 [::1]:50279 HTTP/1.1 GET /x/espace_login.html
INFO	 [::1]:50279 HTTP/1.1 GET /game/espace_login.html
INFO	 [::1]:50279 HTTP/1.1 GET /game/css/espace_login.css
INFO	 [::1]:50280 HTTP/1.1 GET /game/lib/jquery/jquery-3.4.1.min.js
INFO	 [::1]:50287 HTTP/1.1 GET /game/js/dataManager.js
INFO	 [::1]:50286 HTTP/1.1 GET /game/model/Player.js
INFO	 [::1]:50285 HTTP/1.1 GET /game/config/conf.js
INFO	 [::1]:50280 HTTP/1.1 POST /save/player
INFO	 [::1]:50280 HTTP/1.1 GET /game/html/espace_game.html
INFO	 [::1]:50279 HTTP/1.1 GET /game/lib/awesome-functions/awesome-functions.min.js
INFO	 [::1]:50280 HTTP/1.1 GET /game/css/espace_game.css
INFO	 [::1]:50285 HTTP/1.1 GET /game/model/Game.js
INFO	 [::1]:50286 HTTP/1.1 GET /game/model/Position.js
INFO	 [::1]:50279 HTTP/1.1 GET /game/model/Rectangle.js
INFO	 [::1]:50279 HTTP/1.1 GET /game/model/Canvas.js
INFO	 [::1]:50280 HTTP/1.1 GET /game/js/gameManager.js
Starting server on :4000 
INFO	 [::1]:50374 HTTP/1.1 GET /x/espace_login.html
INFO	 [::1]:50374 HTTP/1.1 GET /game/espace_login.html
INFO	 [::1]:50374 HTTP/1.1 GET /game/css/espace_login.css
INFO	 [::1]:50375 HTTP/1.1 GET /game/lib/jquery/jquery-3.4.1.min.js
INFO	 [::1]:50378 HTTP/1.1 GET /game/config/conf.js
INFO	 [::1]:50380 HTTP/1.1 GET /game/js/dataManager.js
INFO	 [::1]:50379 HTTP/1.1 GET /game/model/Player.js
INFO	 [::1]:50375 HTTP/1.1 POST /save/player
INFO	 [::1]:50375 HTTP/1.1 GET /game/html/espace_game.html
INFO	 [::1]:50375 HTTP/1.1 GET /game/css/espace_game.css
INFO	 [::1]:50379 HTTP/1.1 GET /game/lib/awesome-functions/awesome-functions.min.js
INFO	 [::1]:50380 HTTP/1.1 GET /game/model/Game.js
INFO	 [::1]:50378 HTTP/1.1 GET /game/model/Position.js
INFO	 [::1]:50374 HTTP/1.1 GET /game/model/Rectangle.js
INFO	 [::1]:50383 HTTP/1.1 GET /game/model/Canvas.js
INFO	 [::1]:50380 HTTP/1.1 GET /game/js/gameManager.js
Starting server on :4000 
INFO	 [::1]:50407 HTTP/1.1 POST /save/player
INFO	 [::1]:50407 HTTP/1.1 GET /game/html/espace_game.html
INFO	 [::1]:50407 HTTP/1.1 GET /game/config/conf.js
INFO	 [::1]:50408 HTTP/1.1 GET /game/css/espace_game.css
INFO	 [::1]:50407 HTTP/1.1 GET /game/js/gameManager.js
INFO	 [::1]:50408 HTTP/1.1 GET /game/espace_login.html
INFO	 [::1]:50408 HTTP/1.1 GET /game/css/espace_login.css
INFO	 [::1]:50408 HTTP/1.1 GET /game/lib/jquery/jquery-3.4.1.min.js
INFO	 [::1]:50407 HTTP/1.1 GET /game/config/conf.js
INFO	 [::1]:50418 HTTP/1.1 GET /game/js/dataManager.js
INFO	 [::1]:50417 HTTP/1.1 GET /game/model/Player.js
INFO	 [::1]:50417 HTTP/1.1 POST /save/player
INFO	 [::1]:50417 HTTP/1.1 GET /game/html/espace_game.html
INFO	 [::1]:50417 HTTP/1.1 GET /game/css/espace_game.css
INFO	 [::1]:50408 HTTP/1.1 GET /game/model/Game.js
INFO	 [::1]:50418 HTTP/1.1 GET /game/lib/awesome-functions/awesome-functions.min.js
INFO	 [::1]:50425 HTTP/1.1 GET /game/model/Canvas.js
INFO	 [::1]:50424 HTTP/1.1 GET /game/model/Rectangle.js
INFO	 [::1]:50407 HTTP/1.1 GET /game/model/Position.js
INFO	 [::1]:50408 HTTP/1.1 GET /game/js/gameManager.js
INFO	 [::1]:50418 HTTP/1.1 GET /favicon.ico
INFO	 [::1]:50418 HTTP/1.1 GET /game/html/espace_game.html
INFO	 [::1]:50418 HTTP/1.1 GET /game/css/espace_game.css
INFO	 [::1]:50418 HTTP/1.1 GET /game/config/conf.js
Starting server on :4000 
INFO	 [::1]:51894 HTTP/1.1 GET /x/espace_login.html
INFO	 [::1]:51894 HTTP/1.1 GET /game/espace_login.html
INFO	 [::1]:51894 HTTP/1.1 GET /game/css/espace_login.css
INFO	 [::1]:51895 HTTP/1.1 GET /game/lib/jquery/jquery-3.4.1.min.js
INFO	 [::1]:51894 HTTP/1.1 GET /game/config/conf.js
INFO	 [::1]:51902 HTTP/1.1 GET /game/js/dataManager.js
INFO	 [::1]:51901 HTTP/1.1 GET /game/model/Player.js
INFO	 [::1]:51895 HTTP/1.1 POST /save/player
INFO	 [::1]:51895 HTTP/1.1 GET /game/html/espace_game.html
INFO	 [::1]:51895 HTTP/1.1 GET /game/css/espace_game.css
INFO	 [::1]:51901 HTTP/1.1 GET /game/lib/awesome-functions/awesome-functions.min.js
INFO	 [::1]:51902 HTTP/1.1 GET /game/model/Game.js
INFO	 [::1]:51894 HTTP/1.1 GET /game/model/Position.js
INFO	 [::1]:51904 HTTP/1.1 GET /game/model/Rectangle.js
INFO	 [::1]:51905 HTTP/1.1 GET /game/model/Canvas.js
INFO	 [::1]:51902 HTTP/1.1 GET /game/js/gameManager.js
INFO	 [::1]:51902 HTTP/1.1 GET /favicon.ico
INFO	 [::1]:51902 HTTP/1.1 GET /favicon.ico
Starting server on :4000 
INFO	 [::1]:51967 HTTP/1.1 GET /game/espace_login.html
INFO	 [::1]:51967 HTTP/1.1 GET /game/css/espace_login.css
INFO	 [::1]:51969 HTTP/1.1 GET /game/config/conf.js
INFO	 [::1]:51970 HTTP/1.1 GET /game/model/Player.js
INFO	 [::1]:51971 HTTP/1.1 GET /game/js/dataManager.js
INFO	 [::1]:51968 HTTP/1.1 GET /game/lib/jquery/jquery-3.4.1.min.js
INFO	 [::1]:51968 HTTP/1.1 POST /save/player
INFO	 [::1]:51968 HTTP/1.1 GET /game/html/espace_game.html
INFO	 [::1]:51968 HTTP/1.1 GET /game/css/espace_game.css
INFO	 [::1]:51971 HTTP/1.1 GET /game/lib/awesome-functions/awesome-functions.min.js
INFO	 [::1]:51970 HTTP/1.1 GET /game/model/Game.js
INFO	 [::1]:51969 HTTP/1.1 GET /game/model/Position.js
INFO	 [::1]:51967 HTTP/1.1 GET /game/model/Rectangle.js
INFO	 [::1]:51974 HTTP/1.1 GET /game/model/Canvas.js
INFO	 [::1]:51970 HTTP/1.1 GET /game/js/gameManager.js
INFO	 [::1]:51971 HTTP/1.1 GET /favicon.ico
INFO	 [::1]:51971 HTTP/1.1 GET /favicon.ico
Starting server on :4000 
INFO	 [::1]:52036 HTTP/1.1 GET /x/espace_login.html
INFO	 [::1]:52036 HTTP/1.1 GET /game/espace_login.html
INFO	 [::1]:52036 HTTP/1.1 GET /game/css/espace_login.css
INFO	 [::1]:52037 HTTP/1.1 GET /game/lib/jquery/jquery-3.4.1.min.js
INFO	 [::1]:52038 HTTP/1.1 GET /game/config/conf.js
INFO	 [::1]:52039 HTTP/1.1 GET /game/model/Player.js
INFO	 [::1]:52040 HTTP/1.1 GET /game/js/dataManager.js
INFO	 [::1]:52037 HTTP/1.1 POST /save/player
INFO	 [::1]:52037 HTTP/1.1 GET /game/html/espace_game.html
INFO	 [::1]:52037 HTTP/1.1 GET /game/css/espace_game.css
INFO	 [::1]:52040 HTTP/1.1 GET /game/lib/awesome-functions/awesome-functions.min.js
INFO	 [::1]:52039 HTTP/1.1 GET /game/model/Game.js
INFO	 [::1]:52038 HTTP/1.1 GET /game/model/Position.js
INFO	 [::1]:52036 HTTP/1.1 GET /game/model/Rectangle.js
INFO	 [::1]:52043 HTTP/1.1 GET /game/model/Canvas.js
INFO	 [::1]:52039 HTTP/1.1 GET /game/js/gameManager.js
Starting server on :4000 
INFO	 [::1]:52066 HTTP/1.1 GET /game/espace_login.html
INFO	 [::1]:52066 HTTP/1.1 GET /game/css/espace_login.css
INFO	 [::1]:52067 HTTP/1.1 GET /game/lib/jquery/jquery-3.4.1.min.js
INFO	 [::1]:52068 HTTP/1.1 GET /game/config/conf.js
INFO	 [::1]:52069 HTTP/1.1 GET /game/model/Player.js
INFO	 [::1]:52070 HTTP/1.1 GET /game/js/dataManager.js
INFO	 [::1]:52067 HTTP/1.1 POST /save/player
INFO	 [::1]:52067 HTTP/1.1 GET /game/html/espace_game.html
INFO	 [::1]:52067 HTTP/1.1 GET /game/css/espace_game.css
INFO	 [::1]:52070 HTTP/1.1 GET /game/lib/awesome-functions/awesome-functions.min.js
INFO	 [::1]:52069 HTTP/1.1 GET /game/model/Game.js
INFO	 [::1]:52068 HTTP/1.1 GET /game/model/Position.js
INFO	 [::1]:52066 HTTP/1.1 GET /game/model/Rectangle.js
INFO	 [::1]:52072 HTTP/1.1 GET /game/model/Canvas.js
INFO	 [::1]:52067 HTTP/1.1 GET /game/js/gameManager.js
INFO	 [::1]:52069 HTTP/1.1 GET /game/config/conf.js
Starting server on :4000 
INFO	 [::1]:52105 HTTP/1.1 GET /x/espace_login.html
INFO	 [::1]:52105 HTTP/1.1 GET /game/espace_login.html
INFO	 [::1]:52105 HTTP/1.1 GET /game/css/espace_login.css
INFO	 [::1]:52106 HTTP/1.1 GET /game/lib/jquery/jquery-3.4.1.min.js
INFO	 [::1]:52111 HTTP/1.1 GET /game/config/conf.js
INFO	 [::1]:52112 HTTP/1.1 GET /game/model/Player.js
INFO	 [::1]:52113 HTTP/1.1 GET /game/js/dataManager.js
INFO	 [::1]:52106 HTTP/1.1 POST /save/player
INFO	 [::1]:52106 HTTP/1.1 GET /game/html/espace_game.html
INFO	 [::1]:52106 HTTP/1.1 GET /game/css/espace_game.css
INFO	 [::1]:52113 HTTP/1.1 GET /game/lib/awesome-functions/awesome-functions.min.js
INFO	 [::1]:52112 HTTP/1.1 GET /game/model/Game.js
INFO	 [::1]:52111 HTTP/1.1 GET /game/model/Position.js
INFO	 [::1]:52105 HTTP/1.1 GET /game/model/Rectangle.js
INFO	 [::1]:52114 HTTP/1.1 GET /game/model/Canvas.js
INFO	 [::1]:52112 HTTP/1.1 GET /game/js/gameManager.js
Starting server on :4000 
INFO	 [::1]:55467 HTTP/1.1 GET /game/espace_login.html
INFO	 [::1]:55467 HTTP/1.1 GET /game/css/espace_login.css
INFO	 [::1]:55468 HTTP/1.1 GET /game/lib/jquery/jquery-3.4.1.min.js
INFO	 [::1]:55469 HTTP/1.1 GET /game/config/conf.js
INFO	 [::1]:55471 HTTP/1.1 GET /game/js/dataManager.js
INFO	 [::1]:55470 HTTP/1.1 GET /game/model/Player.js
INFO	 [::1]:55468 HTTP/1.1 GET /favicon.ico
INFO	 [::1]:55468 HTTP/1.1 POST /save/player
INFO	 [::1]:55468 HTTP/1.1 GET /game/html/espace_game.html
INFO	 [::1]:55468 HTTP/1.1 GET /game/css/espace_game.css
INFO	 [::1]:55470 HTTP/1.1 GET /game/lib/awesome-functions/awesome-functions.min.js
INFO	 [::1]:55471 HTTP/1.1 GET /game/model/Game.js
INFO	 [::1]:55467 HTTP/1.1 GET /game/model/Position.js
INFO	 [::1]:55469 HTTP/1.1 GET /game/model/Rectangle.js
INFO	 [::1]:55474 HTTP/1.1 GET /game/model/Canvas.js
INFO	 [::1]:55471 HTTP/1.1 GET /game/js/gameManager.js
Starting server on :4000 
INFO	 [::1]:55487 HTTP/1.1 GET /game/html/espace_game.html
INFO	 [::1]:55487 HTTP/1.1 POST /save/player
INFO	 [::1]:55487 HTTP/1.1 GET /game/html/espace_game.html
Starting server on :4000 
INFO	 [::1]:55520 HTTP/1.1 GET /game/html/espace_game.html
INFO	 [::1]:55520 HTTP/1.1 GET /game/config/conf.js
INFO	 [::1]:55520 HTTP/1.1 GET /x/espace_login.html
INFO	 [::1]:55520 HTTP/1.1 GET /game/espace_login.html
INFO	 [::1]:55520 HTTP/1.1 GET /game/css/espace_login.css
INFO	 [::1]:55527 HTTP/1.1 GET /game/lib/jquery/jquery-3.4.1.min.js
INFO	 [::1]:55530 HTTP/1.1 GET /game/config/conf.js
INFO	 [::1]:55531 HTTP/1.1 GET /game/model/Player.js
INFO	 [::1]:55532 HTTP/1.1 GET /game/js/dataManager.js
INFO	 [::1]:55527 HTTP/1.1 POST /save/player
INFO	 [::1]:55527 HTTP/1.1 GET /game/html/espace_game.html
INFO	 [::1]:55527 HTTP/1.1 GET /game/css/espace_game.css
INFO	 [::1]:55532 HTTP/1.1 GET /game/lib/awesome-functions/awesome-functions.min.js
INFO	 [::1]:55531 HTTP/1.1 GET /game/model/Game.js
INFO	 [::1]:55530 HTTP/1.1 GET /game/model/Position.js
INFO	 [::1]:55520 HTTP/1.1 GET /game/model/Rectangle.js
INFO	 [::1]:55535 HTTP/1.1 GET /game/model/Canvas.js
INFO	 [::1]:55531 HTTP/1.1 GET /game/js/gameManager.js
Starting server on :4000 
INFO	 [::1]:55853 HTTP/1.1 GET /game/html/espace_game.html
Starting server on :4000 
INFO	 [::1]:56693 HTTP/1.1 GET /x/espace_login.html
INFO	 [::1]:56693 HTTP/1.1 GET /favicon.ico
INFO	 [::1]:56693 HTTP/1.1 GET /game/config/conf.js
INFO	 [::1]:56693 HTTP/1.1 POST /save/player
INFO	 [::1]:56693 HTTP/1.1 GET /game/html/espace_game.html
Starting server on :4000 
INFO	 [::1]:57401 HTTP/1.1 POST /save/player
INFO	 [::1]:57401 HTTP/1.1 GET /game/html/espace_game.html
INFO	 [::1]:57401 HTTP/1.1 GET /game/css/espace_game.css
INFO	 [::1]:57402 HTTP/1.1 GET /game/config/conf.js
INFO	 [::1]:57402 HTTP/1.1 GET /game/js/gameManager.js
INFO	 [::1]:58497 HTTP/1.1 POST /save/player
INFO	 [::1]:58497 HTTP/1.1 POST /save/player
INFO	 [::1]:58497 HTTP/1.1 GET /game/html/espace_game.html
INFO	 [::1]:58497 HTTP/1.1 GET /game/css/espace_game.css
INFO	 [::1]:58501 HTTP/1.1 GET /game/lib/awesome-functions/awesome-functions.min.js
INFO	 [::1]:58501 HTTP/1.1 GET /game/model/Player.js
INFO	 [::1]:58503 HTTP/1.1 GET /game/model/Position.js
INFO	 [::1]:58502 HTTP/1.1 GET /game/config/conf.js
INFO	 [::1]:58497 HTTP/1.1 GET /game/model/Game.js
INFO	 [::1]:58504 HTTP/1.1 GET /game/model/Rectangle.js
INFO	 [::1]:58505 HTTP/1.1 GET /game/model/Canvas.js
INFO	 [::1]:58501 HTTP/1.1 GET /game/js/dataManager.js
INFO	 [::1]:58503 HTTP/1.1 GET /game/js/gameManager.js
INFO	 [::1]:58501 HTTP/1.1 GET /favicon.ico
INFO	 [::1]:58501 HTTP/1.1 POST /update/player
INFO	 [::1]:58501 HTTP/1.1 GET /favicon.ico
INFO	 [::1]:58501 HTTP/1.1 POST /update/player
INFO	 [::1]:58501 HTTP/1.1 GET /favicon.ico
Starting server on :4000 
INFO	 [::1]:49408 HTTP/1.1 GET /game/espace_login.html
INFO	 [::1]:49408 HTTP/1.1 GET /game/css/espace_login.css
INFO	 [::1]:49408 HTTP/1.1 GET /game/lib/jquery/jquery-3.4.1.min.js
INFO	 [::1]:49408 HTTP/1.1 GET /favicon.ico
INFO	 [::1]:49408 HTTP/1.1 POST /save/player
INFO	 [::1]:49408 HTTP/1.1 POST /save/player
INFO	 [::1]:49408 HTTP/1.1 POST /update/player
Starting server on :4000 
Starting server on :4000 
Starting server on :4000 
Starting server on :4000 
INFO	 [::1]:63455 HTTP/1.1 GET /game/espace_login.html
INFO	 [::1]:63455 HTTP/1.1 GET /game/css/espace_login.css
INFO	 [::1]:63455 HTTP/1.1 GET /game/lib/jquery/jquery-3.4.1.min.js
INFO	 [::1]:63456 HTTP/1.1 GET /game/config/conf.js
INFO	 [::1]:63457 HTTP/1.1 GET /game/model/Player.js
INFO	 [::1]:63458 HTTP/1.1 GET /game/js/dataManager.js
INFO	 [::1]:63457 HTTP/1.1 POST /save/player
INFO	 [::1]:63457 HTTP/1.1 GET /game/html/espace_game.html
INFO	 [::1]:63457 HTTP/1.1 GET /game/css/espace_game.css
INFO	 [::1]:63455 HTTP/1.1 GET /game/lib/awesome-functions/awesome-functions.min.js
INFO	 [::1]:63456 HTTP/1.1 GET /game/model/Game.js
INFO	 [::1]:63458 HTTP/1.1 GET /game/model/Position.js
INFO	 [::1]:63461 HTTP/1.1 GET /game/model/Rectangle.js
INFO	 [::1]:63462 HTTP/1.1 GET /game/model/Canvas.js
INFO	 [::1]:63458 HTTP/1.1 GET /game/js/gameManager.js
INFO	 [::1]:63458 HTTP/1.1 GET /favicon.ico
Starting server on :4001 
INFO	 [::1]:65264 HTTP/1.1 GET /game/espace_game.html
INFO	 [::1]:65264 HTTP/1.1 GET /favicon.ico
Starting server on :4001 
INFO	 [::1]:65276 HTTP/1.1 GET /game/espace_game.html
INFO	 [::1]:65276 HTTP/1.1 GET /game/espace_game.html
Starting server on :4001 
INFO	 [::1]:65296 HTTP/1.1 GET /game/espace_game.html
INFO	 [::1]:65296 HTTP/1.1 GET /game/espace_login.html
INFO	 [::1]:65296 HTTP/1.1 GET /game/css/espace_login.css
INFO	 [::1]:65296 HTTP/1.1 GET /game/lib/jquery/jquery-3.4.1.min.js
INFO	 [::1]:65311 HTTP/1.1 GET /game/config/conf.js
INFO	 [::1]:65312 HTTP/1.1 GET /game/model/Player.js
INFO	 [::1]:65313 HTTP/1.1 GET /game/js/dataManager.js
INFO	 [::1]:65336 HTTP/1.1 POST /save/player
INFO	 [::1]:65336 HTTP/1.1 POST /save/player
INFO	 [::1]:65337 HTTP/1.1 GET /game/html/espace_game.html
INFO	 [::1]:65337 HTTP/1.1 GET /game/css/espace_game.css
INFO	 [::1]:65338 HTTP/1.1 GET /game/lib/awesome-functions/awesome-functions.min.js
INFO	 [::1]:65340 HTTP/1.1 GET /game/config/conf.js
INFO	 [::1]:65341 HTTP/1.1 GET /game/model/Game.js
INFO	 [::1]:65344 HTTP/1.1 GET /game/model/Player.js
INFO	 [::1]:65345 HTTP/1.1 GET /game/model/Position.js
INFO	 [::1]:65337 HTTP/1.1 GET /game/model/Rectangle.js
INFO	 [::1]:65340 HTTP/1.1 GET /game/model/Canvas.js
INFO	 [::1]:65341 HTTP/1.1 GET /game/js/dataManager.js
INFO	 [::1]:65344 HTTP/1.1 GET /game/js/gameManager.js
INFO	 [::1]:65344 HTTP/1.1 GET /game/espace_login.html
INFO	 [::1]:65344 HTTP/1.1 GET /game/css/espace_login.css
INFO	 [::1]:65344 HTTP/1.1 GET /game/lib/jquery/jquery-3.4.1.min.js
INFO	 [::1]:65344 HTTP/1.1 POST /save/player
Starting server on :4001 
INFO	 [::1]:49280 HTTP/1.1 GET /game/html/espace_login.html
INFO	 [::1]:49280 HTTP/1.1 GET /game/config/conf.js
INFO	 [::1]:51340 HTTP/1.1 GET /game/config/conf.js
INFO	 [::1]:51335 HTTP/1.1 POST /save/player
Starting server on :4001 
INFO	 [::1]:51565 HTTP/1.1 GET /game/espace_login.html
INFO	 [::1]:51565 HTTP/1.1 GET /game/css/espace_login.css
INFO	 [::1]:51565 HTTP/1.1 GET /game/config/conf.js
INFO	 [::1]:51568 HTTP/1.1 GET /game/js/dataManager.js
INFO	 [::1]:51566 HTTP/1.1 GET /game/lib/jquery/jquery-3.4.1.min.js
INFO	 [::1]:51567 HTTP/1.1 GET /game/model/Player.js
INFO	 [::1]:51620 HTTP/1.1 GET /game/espace_login.html
INFO	 [::1]:51620 HTTP/1.1 GET /game/css/espace_login.css
INFO	 [::1]:51620 HTTP/1.1 GET /game/lib/jquery/jquery-3.4.1.min.js
INFO	 [::1]:51621 HTTP/1.1 GET /game/config/conf.js
INFO	 [::1]:51622 HTTP/1.1 GET /game/model/Player.js
INFO	 [::1]:51623 HTTP/1.1 GET /game/js/dataManager.js
INFO	 [::1]:51620 HTTP/1.1 GET /game/espace_login.html
INFO	 [::1]:51620 HTTP/1.1 GET /game/espace_login.html
INFO	 [::1]:53035 HTTP/1.1 GET /game/espace_login.html
INFO	 [::1]:53035 HTTP/1.1 GET /game/espace_login.html
INFO	 [::1]:53035 HTTP/1.1 GET /game/espace_login.html
INFO	 [::1]:53035 HTTP/1.1 GET /game/espace_login.html
INFO	 [::1]:53035 HTTP/1.1 GET /game/espace_login.html
INFO	 [::1]:53035 HTTP/1.1 GET /game/espace_login.html
INFO	 [::1]:53180 HTTP/1.1 GET /
INFO	 [::1]:53181 HTTP/1.1 GET /static/css/main.css
INFO	 [::1]:53182 HTTP/1.1 GET /static/js/functions.js
INFO	 [::1]:53184 HTTP/1.1 GET /static/js/main.js
INFO	 [::1]:53185 HTTP/1.1 GET /static/css/modals.css
INFO	 [::1]:53186 HTTP/1.1 GET /static/js/date.js
INFO	 [::1]:53187 HTTP/1.1 GET /static/js/rest.js
INFO	 [::1]:53180 HTTP/1.1 GET /favicon.ico
INFO	 [::1]:53181 HTTP/1.1 GET /game/espace_login.html
INFO	 [::1]:53181 HTTP/1.1 GET /game/css/espace_login.css
INFO	 [::1]:53182 HTTP/1.1 GET /game/lib/jquery/jquery-3.4.1.min.js
INFO	 [::1]:53184 HTTP/1.1 GET /game/config/conf.js
INFO	 [::1]:53185 HTTP/1.1 GET /game/model/Player.js
INFO	 [::1]:53186 HTTP/1.1 GET /game/js/dataManager.js
INFO	 [::1]:53180 HTTP/1.1 GET /favicon.ico
INFO	 [::1]:53199 HTTP/1.1 POST /save/player
INFO	 [::1]:53199 HTTP/1.1 GET /game/html/espace_game.html
INFO	 [::1]:53199 HTTP/1.1 GET /game/css/espace_game.css
INFO	 [::1]:53199 HTTP/1.1 GET /game/js/gameManager.js
INFO	 [::1]:53200 HTTP/1.1 GET /game/lib/awesome-functions/awesome-functions.min.js
INFO	 [::1]:53201 HTTP/1.1 GET /game/model/Game.js
INFO	 [::1]:53202 HTTP/1.1 GET /game/model/Position.js
INFO	 [::1]:53203 HTTP/1.1 GET /game/model/Rectangle.js
INFO	 [::1]:53204 HTTP/1.1 GET /game/model/Canvas.js
INFO	 [::1]:53209 HTTP/1.1 GET /favicon.ico
INFO	 [::1]:53240 HTTP/1.1 GET /game/espace_login.html
INFO	 [::1]:53240 HTTP/1.1 GET /game/css/espace_login.css
INFO	 [::1]:53241 HTTP/1.1 GET /game/lib/jquery/jquery-3.4.1.min.js
INFO	 [::1]:53243 HTTP/1.1 GET /game/js/dataManager.js
INFO	 [::1]:53242 HTTP/1.1 GET /game/config/conf.js
INFO	 [::1]:53240 HTTP/1.1 GET /game/model/Player.js
Starting server on :4001 
Starting server on :4001 
INFO	 [::1]:55171 HTTP/1.1 GET /game/espace_login.html
INFO	 [::1]:55171 HTTP/1.1 GET /game/css/espace_login.css
INFO	 [::1]:55172 HTTP/1.1 GET /game/lib/jquery/jquery-3.4.1.min.js
INFO	 [::1]:55175 HTTP/1.1 GET /game/js/dataManager.js
INFO	 [::1]:55174 HTTP/1.1 GET /game/model/Player.js
INFO	 [::1]:55173 HTTP/1.1 GET /game/config/conf.js
INFO	 [::1]:55172 HTTP/1.1 POST /save/player
INFO	 [::1]:55172 HTTP/1.1 GET /game/html/espace_game.html
INFO	 [::1]:55173 HTTP/1.1 GET /game/lib/awesome-functions/awesome-functions.min.js
INFO	 [::1]:55172 HTTP/1.1 GET /game/css/espace_game.css
INFO	 [::1]:55175 HTTP/1.1 GET /game/model/Game.js
INFO	 [::1]:55174 HTTP/1.1 GET /game/model/Position.js
INFO	 [::1]:55171 HTTP/1.1 GET /game/model/Rectangle.js
INFO	 [::1]:55209 HTTP/1.1 GET /game/model/Canvas.js
INFO	 [::1]:55175 HTTP/1.1 GET /game/js/gameManager.js
INFO	 [::1]:55175 HTTP/1.1 POST /update/player
INFO	 [::1]:55175 HTTP/1.1 GET /favicon.ico
INFO	 [::1]:55175 HTTP/1.1 GET /favicon.ico
Starting server on :4001 
INFO	 [::1]:55446 HTTP/1.1 GET /game/espace_login.html
INFO	 [::1]:55446 HTTP/1.1 GET /game/css/espace_login.css
INFO	 [::1]:55450 HTTP/1.1 GET /game/js/dataManager.js
INFO	 [::1]:55449 HTTP/1.1 GET /game/model/Player.js
INFO	 [::1]:55448 HTTP/1.1 GET /game/config/conf.js
INFO	 [::1]:55447 HTTP/1.1 GET /game/lib/jquery/jquery-3.4.1.min.js
INFO	 [::1]:55447 HTTP/1.1 POST /save/player
INFO	 [::1]:55447 HTTP/1.1 POST /save/player
INFO	 [::1]:55447 HTTP/1.1 GET /game/html/espace_game.html
INFO	 [::1]:55447 HTTP/1.1 GET /game/css/espace_game.css
INFO	 [::1]:55446 HTTP/1.1 GET /game/lib/awesome-functions/awesome-functions.min.js
INFO	 [::1]:55448 HTTP/1.1 GET /game/model/Game.js
INFO	 [::1]:55449 HTTP/1.1 GET /game/model/Position.js
INFO	 [::1]:55450 HTTP/1.1 GET /game/model/Rectangle.js
INFO	 [::1]:55447 HTTP/1.1 GET /game/js/gameManager.js
INFO	 [::1]:55455 HTTP/1.1 GET /game/model/Canvas.js
Starting server on :4001 
INFO	 [::1]:58162 HTTP/1.1 GET /
